Using pre-set license
Built from '2020.2/staging' branch; Version is '2020.2.3f1 (8ff31bc5bf5b) revision 9433883'; Using compiler version '192528614'; Build Type 'Release'
OS: 'Windows 10 Pro; OS build 19042.985; Version 2009; 64bit' Language: 'pl' Physical Memory: 16314 MB
BatchMode: 1, IsHumanControllingUs: 0, StartBugReporterOnCrash: 0, Is64bit: 1, IsPro: 0

 COMMAND LINE ARGUMENTS:
F:\Program Files\UnityEditors\2020.2.3f1\Editor\Unity.exe
-adb2
-batchMode
-noUpm
-name
AssetImportWorker0
-projectPath
F:/GameDev/Projects/Space_Invaders/Space_Invaders
-logFile
Logs/AssetImportWorker0.log
-srvPort
51305
Successfully changed project path to: F:/GameDev/Projects/Space_Invaders/Space_Invaders
F:/GameDev/Projects/Space_Invaders/Space_Invaders
Using Asset Import Pipeline V2.
Refreshing native plugins compatible for Editor in 39.03 ms, found 1 plugins.
Preloading 0 native plugins for Editor in 0.00 ms.
Initialize engine version: 2020.2.3f1 (8ff31bc5bf5b)
[Subsystems] Discovering subsystems at path F:/Program Files/UnityEditors/2020.2.3f1/Editor/Data/Resources/UnitySubsystems
[Subsystems] Discovering subsystems at path F:/GameDev/Projects/Space_Invaders/Space_Invaders/Assets
GfxDevice: creating device client; threaded=0
Direct3D:
    Version:  Direct3D 11.0 [level 11.1]
    Renderer: NVIDIA GeForce GTX 1660 (ID=0x2184)
    Vendor:   
    VRAM:     5991 MB
    Driver:   27.21.14.6589
Initialize mono
Mono path[0] = 'F:/Program Files/UnityEditors/2020.2.3f1/Editor/Data/Managed'
Mono path[1] = 'F:/Program Files/UnityEditors/2020.2.3f1/Editor/Data/MonoBleedingEdge/lib/mono/unityjit'
Mono config path = 'F:/Program Files/UnityEditors/2020.2.3f1/Editor/Data/MonoBleedingEdge/etc'
Using monoOptions --debugger-agent=transport=dt_socket,embedding=1,server=y,suspend=n,address=127.0.0.1:56260
Begin MonoManager ReloadAssembly
Registering precompiled unity dll's ...
Register platform support module: F:/Program Files/UnityEditors/2020.2.3f1/Editor/Data/PlaybackEngines/WindowsStandaloneSupport/UnityEditor.WindowsStandalone.Extensions.dll
Registered in 0.001230 seconds.
Native extension for WindowsStandalone target not found
Refreshing native plugins compatible for Editor in 42.94 ms, found 1 plugins.
Preloading 0 native plugins for Editor in 0.00 ms.
Invoked RoslynAnalysisRunner static constructor.
RoslynAnalysisRunner will not be running.
RoslynAnalysisRunner has terminated.
Mono: successfully reloaded assembly
- Completed reload, in  1.660 seconds
Platform modules already initialized, skipping
Registering precompiled user dll's ...
Registered in 0.000852 seconds.
Begin MonoManager ReloadAssembly
Native extension for WindowsStandalone target not found
Refreshing native plugins compatible for Editor in 40.94 ms, found 1 plugins.
Preloading 0 native plugins for Editor in 0.00 ms.
Invoked RoslynAnalysisRunner static constructor.
RoslynAnalysisRunner will not be running.
RoslynAnalysisRunner has terminated.
Mono: successfully reloaded assembly
- Completed reload, in  1.051 seconds
Platform modules already initialized, skipping
========================================================================
Worker process is ready to serve import requests
Launched and connected shader compiler UnityShaderCompiler.exe after 0.05 seconds
Refreshing native plugins compatible for Editor in 0.34 ms, found 1 plugins.
Preloading 0 native plugins for Editor in 0.00 ms.
Unloading 1792 Unused Serialized files (Serialized files now loaded: 0)
System memory in use before: 84.2 MB.
System memory in use after: 84.1 MB.

Unloading 24 unused Assets to reduce memory usage. Loaded Objects now: 2233.
Total: 2.132300 ms (FindLiveObjects: 0.225600 ms CreateObjectMapping: 0.047900 ms MarkObjects: 1.724700 ms  DeleteObjects: 0.133100 ms)

========================================================================
Received Import Request.
  path: Assets/Sprites/player.png
  artifactKey: Guid(0af7ff95749623346a2019333ea2b979) Importer(815301076,1909f56bfc062723c751e8b465ee728b)
Start importing Assets/Sprites/player.png using Guid(0af7ff95749623346a2019333ea2b979) Importer(815301076,1909f56bfc062723c751e8b465ee728b)  -> (artifact id: 'c47d4bca4ece4648f9ee7c8a1cce2e26') in 0.124205 seconds
  Import took 0.127213 seconds .

========================================================================
Received Import Request.
  Time since last request: 0.530864 seconds.
  path: Assets/Sprites/player.png
  artifactKey: Guid(0af7ff95749623346a2019333ea2b979) Importer(815301076,1909f56bfc062723c751e8b465ee728b)
Start importing Assets/Sprites/player.png using Guid(0af7ff95749623346a2019333ea2b979) Importer(815301076,1909f56bfc062723c751e8b465ee728b)  -> (artifact id: 'c47d4bca4ece4648f9ee7c8a1cce2e26') in 0.011088 seconds
  Import took 0.014199 seconds .

========================================================================
Received Prepare
Registering precompiled user dll's ...
Registered in 0.000823 seconds.
Begin MonoManager ReloadAssembly
Native extension for WindowsStandalone target not found
Refreshing native plugins compatible for Editor in 0.36 ms, found 1 plugins.
Preloading 0 native plugins for Editor in 0.00 ms.
Invoked RoslynAnalysisRunner static constructor.
RoslynAnalysisRunner will not be running.
RoslynAnalysisRunner has terminated.
Mono: successfully reloaded assembly
- Completed reload, in  0.879 seconds
Platform modules already initialized, skipping
Refreshing native plugins compatible for Editor in 0.35 ms, found 1 plugins.
Preloading 0 native plugins for Editor in 0.00 ms.
Unloading 1787 Unused Serialized files (Serialized files now loaded: 0)
System memory in use before: 87.2 MB.
System memory in use after: 87.2 MB.

Unloading 12 unused Assets to reduce memory usage. Loaded Objects now: 2242.
Total: 2.017600 ms (FindLiveObjects: 0.210000 ms CreateObjectMapping: 0.044700 ms MarkObjects: 1.650700 ms  DeleteObjects: 0.111400 ms)

========================================================================
Received Import Request.
  Time since last request: 48.739234 seconds.
  path: Assets/Sprites/player.png
  artifactKey: Guid(0af7ff95749623346a2019333ea2b979) Importer(815301076,1909f56bfc062723c751e8b465ee728b)
Start importing Assets/Sprites/player.png using Guid(0af7ff95749623346a2019333ea2b979) Importer(815301076,1909f56bfc062723c751e8b465ee728b)  -> (artifact id: 'a63e1d278bd6c2403227f56daa5e12b5') in 0.050762 seconds
  Import took 0.053826 seconds .

========================================================================
Received Import Request.
  Time since last request: 3.152223 seconds.
  path: Assets/Sprites/player.png
  artifactKey: Guid(0af7ff95749623346a2019333ea2b979) Importer(815301076,1909f56bfc062723c751e8b465ee728b)
Start importing Assets/Sprites/player.png using Guid(0af7ff95749623346a2019333ea2b979) Importer(815301076,1909f56bfc062723c751e8b465ee728b)  -> (artifact id: '60b6a5ecd1e65f71cc031c7460fab16d') in 0.011730 seconds
  Import took 0.015129 seconds .

========================================================================
Received Prepare
Registering precompiled user dll's ...
Registered in 0.000851 seconds.
Begin MonoManager ReloadAssembly
Native extension for WindowsStandalone target not found
Refreshing native plugins compatible for Editor in 0.36 ms, found 1 plugins.
Preloading 0 native plugins for Editor in 0.00 ms.
Invoked RoslynAnalysisRunner static constructor.
RoslynAnalysisRunner will not be running.
RoslynAnalysisRunner has terminated.
Mono: successfully reloaded assembly
- Completed reload, in  0.904 seconds
Platform modules already initialized, skipping
Refreshing native plugins compatible for Editor in 0.48 ms, found 1 plugins.
Preloading 0 native plugins for Editor in 0.00 ms.
Unloading 1788 Unused Serialized files (Serialized files now loaded: 0)
System memory in use before: 87.3 MB.
System memory in use after: 87.3 MB.

Unloading 12 unused Assets to reduce memory usage. Loaded Objects now: 2247.
Total: 2.192600 ms (FindLiveObjects: 0.237800 ms CreateObjectMapping: 0.044500 ms MarkObjects: 1.779200 ms  DeleteObjects: 0.129700 ms)

========================================================================
Received Import Request.
  Time since last request: 36.411591 seconds.
  path: Assets/Scripts/PlayerMovement.cs
  artifactKey: Guid(25d9ad49d2bd81b419a47d2a0adc3ab8) Importer(815301076,1909f56bfc062723c751e8b465ee728b)
Start importing Assets/Scripts/PlayerMovement.cs using Guid(25d9ad49d2bd81b419a47d2a0adc3ab8) Importer(815301076,1909f56bfc062723c751e8b465ee728b)  -> (artifact id: '959f1da3e80ce2048b7a401469f1fc51') in 0.049925 seconds
  Import took 0.054029 seconds .

========================================================================
Received Prepare
Registering precompiled user dll's ...
Registered in 0.001235 seconds.
Begin MonoManager ReloadAssembly
Native extension for WindowsStandalone target not found
Refreshing native plugins compatible for Editor in 0.52 ms, found 1 plugins.
Preloading 0 native plugins for Editor in 0.00 ms.
Invoked RoslynAnalysisRunner static constructor.
RoslynAnalysisRunner will not be running.
RoslynAnalysisRunner has terminated.
Mono: successfully reloaded assembly
- Completed reload, in  1.368 seconds
Platform modules already initialized, skipping
Refreshing native plugins compatible for Editor in 0.37 ms, found 1 plugins.
Preloading 0 native plugins for Editor in 0.00 ms.
Unloading 1788 Unused Serialized files (Serialized files now loaded: 0)
System memory in use before: 87.3 MB.
System memory in use after: 87.3 MB.

Unloading 12 unused Assets to reduce memory usage. Loaded Objects now: 2250.
Total: 2.052800 ms (FindLiveObjects: 0.222600 ms CreateObjectMapping: 0.045200 ms MarkObjects: 1.660900 ms  DeleteObjects: 0.123200 ms)

========================================================================
Received Prepare
Registering precompiled user dll's ...
Registered in 0.000805 seconds.
Begin MonoManager ReloadAssembly
Native extension for WindowsStandalone target not found
Refreshing native plugins compatible for Editor in 0.39 ms, found 1 plugins.
Preloading 0 native plugins for Editor in 0.00 ms.
Invoked RoslynAnalysisRunner static constructor.
RoslynAnalysisRunner will not be running.
RoslynAnalysisRunner has terminated.
Mono: successfully reloaded assembly
- Completed reload, in  0.908 seconds
Platform modules already initialized, skipping
Refreshing native plugins compatible for Editor in 0.40 ms, found 1 plugins.
Preloading 0 native plugins for Editor in 0.00 ms.
Unloading 1788 Unused Serialized files (Serialized files now loaded: 0)
System memory in use before: 87.3 MB.
System memory in use after: 87.3 MB.

Unloading 12 unused Assets to reduce memory usage. Loaded Objects now: 2253.
Total: 2.029800 ms (FindLiveObjects: 0.192500 ms CreateObjectMapping: 0.044200 ms MarkObjects: 1.670900 ms  DeleteObjects: 0.121000 ms)

========================================================================
Received Import Request.
  Time since last request: 156.160390 seconds.
  path: Assets/Scripts/PlayerMovement.cs
  artifactKey: Guid(25d9ad49d2bd81b419a47d2a0adc3ab8) Importer(815301076,1909f56bfc062723c751e8b465ee728b)
Start importing Assets/Scripts/PlayerMovement.cs using Guid(25d9ad49d2bd81b419a47d2a0adc3ab8) Importer(815301076,1909f56bfc062723c751e8b465ee728b)  -> (artifact id: '63e205bbd7c28e52fd9e42d238d4f0ab') in 0.009498 seconds
  Import took 0.012850 seconds .

========================================================================
Received Prepare
Registering precompiled user dll's ...
Registered in 0.000941 seconds.
Begin MonoManager ReloadAssembly
Native extension for WindowsStandalone target not found
Refreshing native plugins compatible for Editor in 0.39 ms, found 1 plugins.
Preloading 0 native plugins for Editor in 0.00 ms.
Invoked RoslynAnalysisRunner static constructor.
RoslynAnalysisRunner will not be running.
RoslynAnalysisRunner has terminated.
Mono: successfully reloaded assembly
- Completed reload, in  0.911 seconds
Platform modules already initialized, skipping
Refreshing native plugins compatible for Editor in 0.39 ms, found 1 plugins.
Preloading 0 native plugins for Editor in 0.00 ms.
Unloading 1788 Unused Serialized files (Serialized files now loaded: 0)
System memory in use before: 87.4 MB.
System memory in use after: 87.3 MB.

Unloading 12 unused Assets to reduce memory usage. Loaded Objects now: 2256.
Total: 2.217300 ms (FindLiveObjects: 0.282400 ms CreateObjectMapping: 0.064000 ms MarkObjects: 1.745200 ms  DeleteObjects: 0.124600 ms)

